<?xml version="1.0" encoding="UTF-8"?>
<!-- Generated by org.testng.reporters.JUnitReportReporter -->
<testsuite hostname="LAPTOP-GHCIP61N" failures="0" tests="4" name="demo.Student" time="0.008" errors="0" timestamp="2023-01-19T18:41:12 IST" skipped="0">
  <testcase classname="demo.Student" name="demo2" time="0.001"/>
  <system-out/>
  <testcase classname="demo.Student" name="test1" time="0.000"/>
  <system-out/>
  <testcase classname="demo.Student" name="demo1" time="0.006"/>
  <system-out/>
  <testcase classname="demo.Student" name="test" time="0.001"/>
  <system-out/>
</testsuite> <!-- demo.Student -->
