<?xml version="1.0" encoding="UTF-8"?>
<!-- Generated by org.testng.reporters.JUnitReportReporter -->
<testsuite hostname="LAPTOP-GHCIP61N" failures="0" tests="1" name="demo.Student" time="0.008" errors="0" timestamp="2023-01-19T11:15:47 IST" skipped="0">
  <testcase classname="demo.Student" name="test1" time="0.008"/>
  <system-out/>
</testsuite> <!-- demo.Student -->
