<?xml version="1.0" encoding="UTF-8"?>
<!-- Generated by org.testng.reporters.JUnitReportReporter -->
<testsuite hostname="LAPTOP-GHCIP61N" failures="0" tests="5" name="demo.Student" time="0.011" errors="0" timestamp="2023-01-19T19:04:51 IST" skipped="0">
  <testcase classname="demo.Student" name="test" time="0.002"/>
  <system-out/>
  <testcase classname="demo.Student" name="practice1" time="0.001"/>
  <system-out/>
  <testcase classname="demo.Student" name="practice" time="0.001"/>
  <system-out/>
  <testcase classname="demo.Student" name="demo2" time="0.006"/>
  <system-out/>
  <testcase classname="demo.Student" name="test1" time="0.001"/>
  <system-out/>
</testsuite> <!-- demo.Student -->
